<?xml version="1.0" encoding="UTF-8"?>
<!-- Generated by org.testng.reporters.JUnitReportReporter -->
<testsuite hostname="qedge-PC" name="com.test.testsuit.SelectAFlight" tests="2" failures="0" timestamp="2 Jan 2016 09:23:30 GMT" time="3.134" errors="0">
  <testcase name="selectFlight" time="1.591" classname="com.test.testsuit.SelectAFlight"/>
  <testcase name="selectFlight" time="1.543" classname="com.test.testsuit.SelectAFlight"/>
</testsuite> <!-- com.test.testsuit.SelectAFlight -->
