<?xml version="1.0" encoding="UTF-8"?>
<!-- Generated by org.testng.reporters.JUnitReportReporter -->
<testsuite hostname="qedge-PC" name="selenium.xpath.GoogleNews" tests="1" failures="0" timestamp="10 Dec 2015 05:35:13 GMT" time="10.430" errors="0">
  <testcase name="headText" time="10.430" classname="selenium.xpath.GoogleNews"/>
</testsuite> <!-- selenium.xpath.GoogleNews -->
