<?xml version="1.0" encoding="UTF-8"?>
<!-- Generated by org.testng.reporters.JUnitReportReporter -->
<testsuite hostname="qedge-PC" name="selenium.autoit.DownloadFile" tests="1" failures="0" timestamp="8 Jan 2016 12:20:15 GMT" time="33.699" errors="0">
  <testcase name="download" time="33.699" classname="selenium.autoit.DownloadFile"/>
</testsuite> <!-- selenium.autoit.DownloadFile -->
