<?xml version="1.0" encoding="UTF-8"?>
<!-- Generated by org.testng.reporters.JUnitReportReporter -->
<testsuite hostname="qedge-PC" name="com.test.testsuit.BookAFlight" tests="2" failures="0" timestamp="2 Jan 2016 09:23:30 GMT" time="2.771" errors="0">
  <testcase name="bookaFlight" time="1.467" classname="com.test.testsuit.BookAFlight"/>
  <testcase name="bookaFlight" time="1.304" classname="com.test.testsuit.BookAFlight"/>
</testsuite> <!-- com.test.testsuit.BookAFlight -->
