<?xml version="1.0" encoding="UTF-8"?>
<!-- Generated by org.testng.reporters.JUnitReportReporter -->
<testsuite hostname="qedge-PC" name="com.test.testsuit.Confirmation" tests="2" failures="0" timestamp="2 Jan 2016 09:23:30 GMT" time="2.451" errors="0">
  <testcase name="confirmation" time="1.202" classname="com.test.testsuit.Confirmation"/>
  <testcase name="confirmation" time="1.249" classname="com.test.testsuit.Confirmation"/>
</testsuite> <!-- com.test.testsuit.Confirmation -->
