<?xml version="1.0" encoding="UTF-8"?>
<!-- Generated by org.testng.reporters.JUnitReportReporter -->
<testsuite hostname="qedge-PC" name="selenium.actions.MouseTest" tests="1" failures="0" timestamp="16 Dec 2015 09:17:14 GMT" time="14.277" errors="0">
  <testcase name="mouse" time="14.277" classname="selenium.actions.MouseTest"/>
</testsuite> <!-- selenium.actions.MouseTest -->
