<?xml version="1.0" encoding="UTF-8"?>
<!-- Generated by org.testng.reporters.JUnitReportReporter -->
<testsuite hostname="qedge-PC" name="selenium.Demos.AjaxDemo" tests="1" failures="0" timestamp="16 Dec 2015 10:19:42 GMT" time="10.489" errors="0">
  <testcase name="ajax" time="10.489" classname="selenium.Demos.AjaxDemo"/>
</testsuite> <!-- selenium.Demos.AjaxDemo -->
