<?xml version="1.0" encoding="UTF-8"?>
<!-- Generated by org.testng.reporters.JUnitReportReporter -->
<testsuite hostname="qedge-PC" name="selenium.excel.ExcelLinkTest" tests="1" failures="0" timestamp="21 Dec 2015 10:56:14 GMT" time="72.000" errors="0">
  <testcase name="setUp" time="72.000" classname="selenium.excel.ExcelLinkTest"/>
</testsuite> <!-- selenium.excel.ExcelLinkTest -->
