<?xml version="1.0" encoding="UTF-8"?>
<!-- Generated by org.testng.reporters.JUnitReportReporter -->
<testsuite hostname="qedge-PC" name="selenium.Demos.ToursDemo" tests="2" failures="0" timestamp="14 Dec 2015 06:45:53 GMT" time="17.742" errors="0">
  <testcase name="registration" time="16.460" classname="selenium.Demos.ToursDemo"/>
  <testcase name="sigin" time="1.282" classname="selenium.Demos.ToursDemo"/>
</testsuite> <!-- selenium.Demos.ToursDemo -->
