<?xml version="1.0" encoding="UTF-8"?>
<!-- Generated by org.testng.reporters.JUnitReportReporter -->
<testsuite hostname="qedge-PC" name="selenium.windows.WindowsDemo" tests="1" failures="0" timestamp="14 Dec 2015 05:11:57 GMT" time="19.333" errors="0">
  <testcase name="windows" time="19.333" classname="selenium.windows.WindowsDemo"/>
</testsuite> <!-- selenium.windows.WindowsDemo -->
