<?xml version="1.0" encoding="UTF-8"?>
<!-- Generated by org.testng.reporters.JUnitReportReporter -->
<testsuite hostname="qedge-PC" name="selenium.ajax.AjaxTest" tests="1" failures="0" timestamp="16 Dec 2015 10:07:28 GMT" time="10.845" errors="0">
  <testcase name="ajax" time="10.845" classname="selenium.ajax.AjaxTest"/>
</testsuite> <!-- selenium.ajax.AjaxTest -->
