<?xml version="1.0" encoding="UTF-8"?>
<!-- Generated by org.testng.reporters.JUnitReportReporter -->
<testsuite hostname="qedge-PC" name="selenium.testng.RadioDemo1" tests="1" failures="0" timestamp="9 Dec 2015 10:49:15 GMT" time="0.828" errors="0">
  <testcase name="radioCheck" time="0.828" classname="selenium.testng.RadioDemo1"/>
</testsuite> <!-- selenium.testng.RadioDemo1 -->
