<?xml version="1.0" encoding="UTF-8"?>
<!-- Generated by org.testng.reporters.JUnitReportReporter -->
<testsuite hostname="qedge-PC" name="selenium.db.DatadrivenUsingDb" tests="1" failures="0" timestamp="9 Jan 2016 09:31:17 GMT" time="13.291" errors="0">
  <testcase name="data" time="13.291" classname="selenium.db.DatadrivenUsingDb"/>
</testsuite> <!-- selenium.db.DatadrivenUsingDb -->
