<?xml version="1.0" encoding="UTF-8"?>
<!-- Generated by org.testng.reporters.JUnitReportReporter -->
<testsuite hostname="qedge-PC" name="selenium.xpath.OrangeDemo" tests="2" failures="0" timestamp="10 Dec 2015 07:24:58 GMT" time="15.610" errors="0">
  <testcase name="admin" time="0.031" classname="selenium.xpath.OrangeDemo"/>
  <testcase name="login" time="15.579" classname="selenium.xpath.OrangeDemo"/>
</testsuite> <!-- selenium.xpath.OrangeDemo -->
