<?xml version="1.0" encoding="UTF-8"?>
<!-- Generated by org.testng.reporters.JUnitReportReporter -->
<testsuite hostname="qedge-PC" name="selenium.Demos.Multiple" tests="1" failures="0" timestamp="15 Dec 2015 05:23:53 GMT" time="35.647" errors="0">
  <testcase name="windows" time="35.647" classname="selenium.Demos.Multiple"/>
</testsuite> <!-- selenium.Demos.Multiple -->
