<?xml version="1.0" encoding="UTF-8"?>
<!-- Generated by org.testng.reporters.JUnitReportReporter -->
<testsuite hostname="qedge-PC" name="selenium.testng.RadioButtonDemo" tests="1" failures="0" timestamp="9 Dec 2015 04:59:58 GMT" time="0.734" errors="0">
  <testcase name="radioButton" time="0.734" classname="selenium.testng.RadioButtonDemo"/>
</testsuite> <!-- selenium.testng.RadioButtonDemo -->
