<?xml version="1.0" encoding="UTF-8"?>
<!-- Generated by org.testng.reporters.JUnitReportReporter -->
<testsuite hostname="qedge-PC" name="selenium.webtable.WebTableTest" tests="1" failures="0" timestamp="19 Dec 2015 04:50:25 GMT" time="23.290" errors="0">
  <testcase name="webTable" time="23.290" classname="selenium.webtable.WebTableTest"/>
</testsuite> <!-- selenium.webtable.WebTableTest -->
