<?xml version="1.0" encoding="UTF-8"?>
<!-- Generated by org.testng.reporters.JUnitReportReporter -->
<testsuite hostname="qedge-PC" name="ImplicitExplicit.ExplicitTest1" tests="1" failures="0" timestamp="18 Dec 2015 05:17:51 GMT" time="182.449" errors="0">
  <testcase name="explicit" time="182.449" classname="ImplicitExplicit.ExplicitTest1"/>
</testsuite> <!-- ImplicitExplicit.ExplicitTest1 -->
