<?xml version="1.0" encoding="UTF-8"?>
<!-- Generated by org.testng.reporters.JUnitReportReporter -->
<testsuite hostname="qedge-PC" name="selenium.gridprog.Screenshot" tests="1" failures="0" timestamp="5 Jan 2016 05:49:11 GMT" time="33.369" errors="0">
  <testcase name="screenshot" time="33.369" classname="selenium.gridprog.Screenshot"/>
</testsuite> <!-- selenium.gridprog.Screenshot -->
