<?xml version="1.0" encoding="UTF-8"?>
<!-- Generated by org.testng.reporters.JUnitReportReporter -->
<testsuite hostname="qedge-PC" name="selenium.irctc.Demo" tests="1" failures="0" timestamp="5 Jan 2016 06:36:45 GMT" time="39.129" errors="0">
  <testcase name="demoTest" time="39.129" classname="selenium.irctc.Demo"/>
</testsuite> <!-- selenium.irctc.Demo -->
