<?xml version="1.0" encoding="UTF-8"?>
<!-- Generated by org.testng.reporters.JUnitReportReporter -->
<testsuite hostname="qedge-PC" name="selenium.excel.ExcelLinks" tests="1" failures="0" timestamp="21 Dec 2015 10:24:05 GMT" time="78.253" errors="0">
  <testcase name="links" time="78.253" classname="selenium.excel.ExcelLinks"/>
</testsuite> <!-- selenium.excel.ExcelLinks -->
