<?xml version="1.0" encoding="UTF-8"?>
<!-- Generated by org.testng.reporters.JUnitReportReporter -->
<testsuite hostname="qedge-PC" name="selenium.xpath.Demo1" tests="1" failures="0" timestamp="10 Dec 2015 06:03:55 GMT" time="44.523" errors="0">
  <testcase name="newsLink" time="44.523" classname="selenium.xpath.Demo1"/>
</testsuite> <!-- selenium.xpath.Demo1 -->
