<?xml version="1.0" encoding="UTF-8"?>
<!-- Generated by org.testng.reporters.JUnitReportReporter -->
<testsuite hostname="qedge-PC" name="selenium.dateandtime.SvrDemo" tests="1" failures="0" timestamp="5 Jan 2016 06:18:16 GMT" time="41.136" errors="0">
  <testcase name="date" time="41.136" classname="selenium.dateandtime.SvrDemo"/>
</testsuite> <!-- selenium.dateandtime.SvrDemo -->
