<?xml version="1.0" encoding="UTF-8"?>
<!-- Generated by org.testng.reporters.JUnitReportReporter -->
<testsuite hostname="qedge-PC" name="selenium.excel.ExcelCookie" tests="1" failures="0" timestamp="21 Dec 2015 10:09:07 GMT" time="0.797" errors="0">
  <testcase name="cookie" time="0.797" classname="selenium.excel.ExcelCookie"/>
</testsuite> <!-- selenium.excel.ExcelCookie -->
