<?xml version="1.0" encoding="UTF-8"?>
<!-- Generated by org.testng.reporters.JUnitReportReporter -->
<testsuite hostname="qedge-PC" name="selenium.robot.Download" tests="1" failures="0" timestamp="9 Jan 2016 10:09:02 GMT" time="10.797" errors="0">
  <testcase name="download" time="10.797" classname="selenium.robot.Download"/>
</testsuite> <!-- selenium.robot.Download -->
