<?xml version="1.0" encoding="UTF-8"?>
<!-- Generated by org.testng.reporters.JUnitReportReporter -->
<testsuite hostname="qedge-PC" name="selenium.actions.DragAndDrop" tests="1" failures="0" timestamp="16 Dec 2015 09:31:45 GMT" time="6.269" errors="0">
  <testcase name="drag" time="6.269" classname="selenium.actions.DragAndDrop"/>
</testsuite> <!-- selenium.actions.DragAndDrop -->
