<?xml version="1.0" encoding="UTF-8"?>
<!-- Generated by org.testng.reporters.JUnitReportReporter -->
<testsuite hostname="qedge-PC" name="selenium.robot.UploadFile" tests="1" failures="0" timestamp="9 Jan 2016 10:16:04 GMT" time="40.931" errors="0">
  <testcase name="upload" time="40.931" classname="selenium.robot.UploadFile"/>
</testsuite> <!-- selenium.robot.UploadFile -->
