<?xml version="1.0" encoding="UTF-8"?>
<!-- Generated by org.testng.reporters.JUnitReportReporter -->
<testsuite hostname="qedge-PC" name="selenium.dateandtime.WebTableDate" tests="1" failures="0" timestamp="19 Dec 2015 05:42:36 GMT" time="38.055" errors="0">
  <testcase name="date" time="38.055" classname="selenium.dateandtime.WebTableDate"/>
</testsuite> <!-- selenium.dateandtime.WebTableDate -->
