<?xml version="1.0" encoding="UTF-8"?>
<!-- Generated by org.testng.reporters.JUnitReportReporter -->
<testsuite hostname="qedge-PC" name="com.test.testsuit.Login" tests="2" failures="0" timestamp="2 Jan 2016 09:23:30 GMT" time="65.577" errors="0">
  <testcase name="loginTest" time="42.023" classname="com.test.testsuit.Login"/>
  <testcase name="loginTest" time="23.554" classname="com.test.testsuit.Login"/>
</testsuite> <!-- com.test.testsuit.Login -->
