<?xml version="1.0" encoding="UTF-8"?>
<!-- Generated by org.testng.reporters.JUnitReportReporter -->
<testsuite hostname="qedge-PC" name="selenium.autoit.UploadFile" tests="1" failures="0" timestamp="9 Jan 2016 09:58:43 GMT" time="46.841" errors="0">
  <testcase name="upload" time="46.841" classname="selenium.autoit.UploadFile"/>
</testsuite> <!-- selenium.autoit.UploadFile -->
