<?xml version="1.0" encoding="UTF-8"?>
<!-- Generated by org.testng.reporters.JUnitReportReporter -->
<testsuite hostname="qedge-PC" name="selenium.Demos.Twitter" tests="1" failures="0" timestamp="14 Dec 2015 06:14:41 GMT" time="30.433" errors="0">
  <testcase name="twitter" time="30.433" classname="selenium.Demos.Twitter"/>
</testsuite> <!-- selenium.Demos.Twitter -->
