<?xml version="1.0" encoding="UTF-8"?>
<!-- Generated by org.testng.reporters.JUnitReportReporter -->
<testsuite hostname="qedge-PC" name="selenium.testng.RadioButtonTest" tests="1" failures="0" timestamp="9 Dec 2015 04:40:54 GMT" time="8.232" errors="0">
  <testcase name="radioButtonsTest" time="8.232" classname="selenium.testng.RadioButtonTest"/>
</testsuite> <!-- selenium.testng.RadioButtonTest -->
