<?xml version="1.0" encoding="UTF-8"?>
<!-- Generated by org.testng.reporters.JUnitReportReporter -->
<testsuite hostname="qedge-PC" name="selenium.gridprog.DataProviderDemo" tests="2" failures="0" timestamp="5 Jan 2016 05:29:47 GMT" time="52.498" errors="0">
  <testcase name="loginTest" time="21.764" classname="selenium.gridprog.DataProviderDemo"/>
  <testcase name="loginTest" time="30.734" classname="selenium.gridprog.DataProviderDemo"/>
</testsuite> <!-- selenium.gridprog.DataProviderDemo -->
