<?xml version="1.0" encoding="UTF-8"?>
<!-- Generated by org.testng.reporters.JUnitReportReporter -->
<testsuite hostname="qedge-PC" name="selenium.cookies.CookiesTest" tests="1" failures="0" timestamp="16 Dec 2015 10:54:37 GMT" time="3.268" errors="0">
  <testcase name="cookies" time="3.268" classname="selenium.cookies.CookiesTest"/>
</testsuite> <!-- selenium.cookies.CookiesTest -->
