<?xml version="1.0" encoding="UTF-8"?>
<!-- Generated by org.testng.reporters.JUnitReportReporter -->
<testsuite hostname="qedge-PC" name="selenium.pom.LoginTestCase1" tests="1" failures="0" timestamp="5 Jan 2016 05:22:36 GMT" time="46.511" errors="0">
  <testcase name="login" time="46.511" classname="selenium.pom.LoginTestCase1"/>
</testsuite> <!-- selenium.pom.LoginTestCase1 -->
