<?xml version="1.0" encoding="UTF-8"?>
<!-- Generated by org.testng.reporters.JUnitReportReporter -->
<testsuite hostname="qedge-PC" name="selenium.xpath.SakshiDemo" tests="1" failures="0" timestamp="10 Dec 2015 06:32:21 GMT" time="31.335" errors="0">
  <testcase name="testSa" time="31.335" classname="selenium.xpath.SakshiDemo"/>
</testsuite> <!-- selenium.xpath.SakshiDemo -->
