<?xml version="1.0" encoding="UTF-8"?>
<!-- Generated by org.testng.reporters.JUnitReportReporter -->
<testsuite hostname="qedge-PC" name="selenium.cssselector.CssSelectorDemo" tests="1" failures="0" timestamp="12 Dec 2015 05:10:50 GMT" time="29.206" errors="0">
  <testcase name="css" time="29.206" classname="selenium.cssselector.CssSelectorDemo"/>
</testsuite> <!-- selenium.cssselector.CssSelectorDemo -->
