<?xml version="1.0" encoding="UTF-8"?>
<!-- Generated by org.testng.reporters.JUnitReportReporter -->
<testsuite hostname="qedge-PC" name="com.test.testsuit.FindAFlight" tests="2" failures="0" timestamp="2 Jan 2016 09:23:30 GMT" time="3.434" errors="0">
  <testcase name="findFlight" time="1.685" classname="com.test.testsuit.FindAFlight"/>
  <testcase name="findFlight" time="1.749" classname="com.test.testsuit.FindAFlight"/>
</testsuite> <!-- com.test.testsuit.FindAFlight -->
